<?xml version="1.0" encoding="UTF-8"?>
<testsuite name="runners.AddCarRunners" tests="0" skipped="0" failures="0" errors="0" timestamp="1970-01-01T00:00:00" hostname="22LAP5CD1346NNV" time="0.0">
  <properties/>
  <system-out><![CDATA[19:16:57.194 [Test worker] DEBUG net.thucydides.core.util.PropertiesFileLocalPreferences - LOADING LOCAL PROPERTIES FROM C:\Repositories\dojo\cucumberFalabella\serenity.properties 
19:16:57.241 [Test worker] DEBUG net.thucydides.core.util.PropertiesFileLocalPreferences - LOADING LOCAL PROPERTIES FROM C:\Repositories\dojo\cucumberFalabella\serenity.properties 
19:16:57.241 [Test worker] DEBUG net.thucydides.core.util.PropertiesFileLocalPreferences - LOADING LOCAL PROPERTIES FROM C:\Repositories\dojo\cucumberFalabella\serenity.properties 
19:16:57.246 [Test worker] DEBUG net.thucydides.core.util.PropertiesFileLocalPreferences - webdriver.driver=chrome
19:16:57.246 [Test worker] DEBUG net.thucydides.core.util.PropertiesFileLocalPreferences - chrome.capabilities.incognito=true
19:16:57.246 [Test worker] DEBUG net.thucydides.core.util.PropertiesFileLocalPreferences - webdriver.chrome.driver=src/test/resources/drivers/chromedriver.exe
19:16:57.246 [Test worker] DEBUG net.thucydides.core.util.PropertiesFileLocalPreferences - serenity.console.color=true
19:16:57.246 [Test worker] DEBUG net.thucydides.core.util.PropertiesFileLocalPreferences - chrome.capabilities.acceptSslCerts=true
19:16:57.246 [Test worker] DEBUG net.thucydides.core.util.PropertiesFileLocalPreferences - webdriver.base.url=https://www.falabella.com.co/falabella-co
19:16:57.246 [Test worker] DEBUG net.thucydides.core.util.PropertiesFileLocalPreferences - serenity.project.name=Dojo Serenity / Cucumber
19:16:57.246 [Test worker] DEBUG net.thucydides.core.util.PropertiesFileLocalPreferences - webdriver.wait.for.timeout=8000
19:16:57.246 [Test worker] DEBUG net.thucydides.core.util.PropertiesFileLocalPreferences - serenity.use.unique.browser=true
19:16:57.246 [Test worker] DEBUG net.thucydides.core.util.PropertiesFileLocalPreferences - webdriver.timeouts.implicitlywait=10000
19:16:57.246 [Test worker] DEBUG net.thucydides.core.util.PropertiesFileLocalPreferences - serenity.browser.maximized=true
19:16:57.463 [Test worker] DEBUG net.thucydides.core.util.PropertiesFileLocalPreferences - LOADING LOCAL PROPERTIES FROM C:\Repositories\dojo\cucumberFalabella\serenity.properties 
19:16:57.463 [Test worker] DEBUG net.thucydides.core.util.PropertiesFileLocalPreferences - LOADING LOCAL PROPERTIES FROM C:\Repositories\dojo\cucumberFalabella\serenity.properties 
19:16:57.479 [Test worker] DEBUG net.thucydides.core.util.PropertiesFileLocalPreferences - LOADING LOCAL PROPERTIES FROM C:\Repositories\dojo\cucumberFalabella\serenity.properties 
19:16:57.479 [Test worker] DEBUG net.thucydides.core.util.PropertiesFileLocalPreferences - webdriver.driver=chrome
19:16:57.479 [Test worker] DEBUG net.thucydides.core.util.PropertiesFileLocalPreferences - chrome.capabilities.incognito=true
19:16:57.479 [Test worker] DEBUG net.thucydides.core.util.PropertiesFileLocalPreferences - webdriver.chrome.driver=src/test/resources/drivers/chromedriver.exe
19:16:57.479 [Test worker] DEBUG net.thucydides.core.util.PropertiesFileLocalPreferences - serenity.console.color=true
19:16:57.479 [Test worker] DEBUG net.thucydides.core.util.PropertiesFileLocalPreferences - chrome.capabilities.acceptSslCerts=true
19:16:57.479 [Test worker] DEBUG net.thucydides.core.util.PropertiesFileLocalPreferences - webdriver.base.url=https://www.falabella.com.co/falabella-co
19:16:57.479 [Test worker] DEBUG net.thucydides.core.util.PropertiesFileLocalPreferences - serenity.project.name=Dojo Serenity / Cucumber
19:16:57.479 [Test worker] DEBUG net.thucydides.core.util.PropertiesFileLocalPreferences - webdriver.wait.for.timeout=8000
19:16:57.479 [Test worker] DEBUG net.thucydides.core.util.PropertiesFileLocalPreferences - serenity.use.unique.browser=true
19:16:57.479 [Test worker] DEBUG net.thucydides.core.util.PropertiesFileLocalPreferences - webdriver.timeouts.implicitlywait=10000
19:16:57.479 [Test worker] DEBUG net.thucydides.core.util.PropertiesFileLocalPreferences - serenity.browser.maximized=true
19:16:57.482 [Test worker] INFO net.thucydides.core.steps.ConsoleLoggingListener - 

-------------------------------------------------------------------------------------
     _______. _______ .______       _______ .__   __.  __  .___________.____    ____ 
    /       ||   ____||   _  \     |   ____||  \ |  | |  | |           |\   \  /   / 
   |   (----`|  |__   |  |_)  |    |  |__   |   \|  | |  | `---|  |----` \   \/   /  
    \   \    |   __|  |      /     |   __|  |  . `  | |  |     |  |       \_    _/   
.----)   |   |  |____ |  |\  \----.|  |____ |  |\   | |  |     |  |         |  |     
|_______/    |_______|| _| `._____||_______||__| \__| |__|     |__|         |__|    
                                                                                     
 News and tutorials at http://www.serenity-bdd.info                                  
 Documentation at https://wakaleo.gitbooks.io/the-serenity-book/content/             
 Join the Serenity Community on Rocket Chat at https://serenity-bdd.rocket.chat      
 Serenity BDD Support and Training at http://serenity-bdd.info/#/trainingandsupport  
 Learn Serenity BDD online at http://serenity-dojo.com                               
-------------------------------------------------------------------------------------

19:16:57.482 [Test worker] DEBUG net.thucydides.core.steps.StepEventBus - Test suite started for story net.thucydides.core.model.Story@27b548c3
19:16:57.482 [Test worker] INFO net.thucydides.core.steps.ConsoleLoggingListener - Test Suite Started: Añadir a carrito de compras
19:16:57.513 [Test worker] INFO net.thucydides.core.steps.ConsoleLoggingListener - 
 _____ _____ ____ _____   ____ _____  _    ____ _____ _____ ____  
|_   _| ____/ ___|_   _| / ___|_   _|/ \  |  _ \_   _| ____|  _ \ 
  | | |  _| \___ \ | |   \___ \ | | / _ \ | |_) || | |  _| | | | |
  | | | |___ ___) || |    ___) || |/ ___ \|  _ < | | | |___| |_| |
  |_| |_____|____/ |_|   |____/ |_/_/   \_\_| \_\|_| |_____|____/ 
                                                                  

TEST STARTED: el usuario añade productos al carrito de compras
-------------------------------------------------------------------(añadir-a-carrito-de-compras;el-usuario-añade-productos-al-carrito-de-compras)
19:17:14.138 [Test worker] DEBUG net.thucydides.core.reports.ReportService - Reporting formats: [JSON, HTML]
19:17:14.184 [Test worker] DEBUG net.thucydides.core.reports.ReportService - Reporting formats: [JSON, HTML]
19:17:14.190 [Test worker] DEBUG net.thucydides.core.reports.ReportService - Generating reports for 1 test outcomes using: net.thucydides.core.reports.json.JSONTestOutcomeReporter@65d7da7e
19:17:14.190 [pool-1-thread-1] DEBUG net.thucydides.core.reports.ReportService - Processing test outcome Añadir a carrito de compras:el usuario añade productos al carrito de compras
19:17:14.190 [pool-1-thread-1] DEBUG net.thucydides.core.reports.ReportService - net.thucydides.core.reports.json.JSONTestOutcomeReporter@65d7da7e: Generating report for test outcome: Añadir a carrito de compras:el usuario añade productos al carrito de compras
19:17:14.190 [pool-1-thread-1] DEBUG net.thucydides.core.reports.json.JSONTestOutcomeReporter - Generating JSON report for el usuario añade productos al carrito de compras to file C:\Repositories\dojo\cucumberFalabella\target\site\serenity\f340343d53b7b36a003bf2f1bb1bddf9ebe5d50c8f767f62e24c6f81e837a04b.json (using temp file C:\Repositories\dojo\cucumberFalabella\target\site\serenity\f340343d53b7b36a003bf2f1bb1bddf9ebe5d50c8f767f62e24c6f81e837a04b.jsondad862dc-eceb-4754-a7ee-627b6a1aa151)
19:17:14.221 [pool-1-thread-1] DEBUG net.thucydides.core.reports.ReportService - Processing test outcome Añadir a carrito de compras:el usuario añade productos al carrito de compras done
19:17:14.221 [Test worker] DEBUG net.thucydides.core.reports.ReportService - Shutting down executor service
19:17:14.221 [Test worker] DEBUG net.thucydides.core.reports.ReportService - Reports generated in: 31 ms
19:17:14.221 [Test worker] DEBUG net.thucydides.core.reports.ReportService - Generating reports for 1 test outcomes using: net.thucydides.core.reports.html.HtmlAcceptanceTestReporter@5fb6468
19:17:14.221 [pool-2-thread-1] DEBUG net.thucydides.core.reports.ReportService - Processing test outcome Añadir a carrito de compras:el usuario añade productos al carrito de compras
19:17:14.221 [pool-2-thread-1] DEBUG net.thucydides.core.reports.ReportService - net.thucydides.core.reports.html.HtmlAcceptanceTestReporter@5fb6468: Generating report for test outcome: Añadir a carrito de compras:el usuario añade productos al carrito de compras
19:17:14.221 [pool-2-thread-1] DEBUG net.thucydides.core.reports.html.HtmlAcceptanceTestReporter - GENERATE TEST OUTCOME REPORT FOR el usuario añade productos al carrito de compras in f340343d53b7b36a003bf2f1bb1bddf9ebe5d50c8f767f62e24c6f81e837a04b
19:17:14.237 [pool-2-thread-1] DEBUG net.thucydides.core.requirements.RequirementsTagProvider -  found:[]
19:17:14.237 [pool-2-thread-1] DEBUG net.thucydides.core.requirements.RequirementsTagProvider -  found:[]
19:17:14.268 [pool-2-thread-1] DEBUG net.thucydides.core.requirements.RequirementsTagProvider -  found:[]
19:17:14.268 [pool-2-thread-1] DEBUG net.thucydides.core.requirements.RequirementsTagProvider -  found:[]
19:17:14.307 [pool-2-thread-1] DEBUG net.thucydides.core.reports.html.HtmlAcceptanceTestReporter - Generating report in f340343d53b7b36a003bf2f1bb1bddf9ebe5d50c8f767f62e24c6f81e837a04b_screenshots.html
19:17:14.624 [pool-2-thread-1] DEBUG net.thucydides.core.reports.html.HtmlAcceptanceTestReporter - Generated report f340343d53b7b36a003bf2f1bb1bddf9ebe5d50c8f767f62e24c6f81e837a04b_screenshots.html in 317 ms
19:17:14.624 [pool-2-thread-1] DEBUG net.thucydides.core.reports.html.HtmlAcceptanceTestReporter - GENERATING HTML REPORT FOR Añadir a carrito de compras:el usuario añade productos al carrito de compras in f340343d53b7b36a003bf2f1bb1bddf9ebe5d50c8f767f62e24c6f81e837a04b.html in directory C:\Repositories\dojo\cucumberFalabella\target\site\serenity  
19:17:14.624 [pool-2-thread-1] DEBUG net.thucydides.core.reports.html.HtmlAcceptanceTestReporter - Generating report in f340343d53b7b36a003bf2f1bb1bddf9ebe5d50c8f767f62e24c6f81e837a04b.html
19:17:14.658 [pool-2-thread-1] DEBUG net.thucydides.core.requirements.RequirementsTagProvider -  found:[]
19:17:14.658 [pool-2-thread-1] DEBUG net.thucydides.core.requirements.RequirementsTagProvider -  found:[]
19:17:14.701 [pool-2-thread-1] DEBUG net.thucydides.core.reports.html.HtmlAcceptanceTestReporter - Generated report f340343d53b7b36a003bf2f1bb1bddf9ebe5d50c8f767f62e24c6f81e837a04b.html in 77 ms
19:17:14.701 [pool-2-thread-1] DEBUG net.thucydides.core.reports.ReportService - Processing test outcome Añadir a carrito de compras:el usuario añade productos al carrito de compras done
19:17:14.701 [Test worker] DEBUG net.thucydides.core.reports.ReportService - Shutting down executor service
19:17:14.701 [Test worker] DEBUG net.thucydides.core.reports.ReportService - Reports generated in: 480 ms
19:17:14.837 [Test worker] DEBUG net.serenitybdd.core.photography.Darkroom - Closing darkroom
19:17:14.837 [Darkroom Processing Line] DEBUG net.serenitybdd.core.photography.DarkroomProcessingLine - Darkroom processing line shutting down

1 Scenarios (?[32m1 passed?[0m)
3 Steps (?[32m3 passed?[0m)
0m16,758s

]]></system-out>
  <system-err><![CDATA[]]></system-err>
</testsuite>
